<?xml version="1.0" encoding="UTF-8"?>
<testng-results ignored="0" total="1" passed="1" failed="0" skipped="0">
  <reporter-output>
  </reporter-output>
  <suite started-at="2024-07-26T09:39:08 IST" name="Suite" finished-at="2024-07-26T09:39:36 IST" duration-ms="27743">
    <groups>
    </groups>
    <test started-at="2024-07-26T09:39:08 IST" name="Test" finished-at="2024-07-26T09:39:36 IST" duration-ms="27743">
      <class name="tests.LoginTest">
        <test-method is-config="true" signature="launcApp()[pri:0, instance:tests.LoginTest@41a0aa7d]" started-at="2024-07-26T09:39:08 IST" name="launcApp" finished-at="2024-07-26T09:39:21 IST" duration-ms="12650" status="PASS">
          <reporter-output>
          </reporter-output>
        </test-method> <!-- launcApp -->
        <test-method signature="verifyLoginFeature()[pri:0, instance:tests.LoginTest@41a0aa7d]" started-at="2024-07-26T09:39:21 IST" name="verifyLoginFeature" finished-at="2024-07-26T09:39:30 IST" duration-ms="9469" status="PASS">
          <reporter-output>
          </reporter-output>
        </test-method> <!-- verifyLoginFeature -->
        <test-method is-config="true" signature="closeApp()[pri:0, instance:tests.LoginTest@41a0aa7d]" started-at="2024-07-26T09:39:30 IST" name="closeApp" finished-at="2024-07-26T09:39:36 IST" duration-ms="5547" status="PASS">
          <reporter-output>
          </reporter-output>
        </test-method> <!-- closeApp -->
      </class> <!-- tests.LoginTest -->
    </test> <!-- Test -->
  </suite> <!-- Suite -->
</testng-results>
